<?xml version="1.0" encoding="UTF-8"?>
<!-- Generated by org.testng.reporters.JUnitReportReporter -->
<testsuite hostname="Shumson" failures="0" tests="1" name="seleniumpractice.FindElementVsFindElements" time="34.070" errors="0" timestamp="2024-02-04T17:14:58 EST" skipped="0">
  <testcase classname="seleniumpractice.FindElementVsFindElements" name="findElement" time="34.070"/>
  <system-out/>
</testsuite> <!-- seleniumpractice.FindElementVsFindElements -->
