<?xml version="1.0" encoding="UTF-8"?>
<!-- Generated by org.testng.reporters.JUnitReportReporter -->
<testsuite hostname="Shumson" failures="0" tests="3" name="com.javatpoint.Car_loan" time="0.072" errors="0" timestamp="2024-02-04T17:14:57 EST" skipped="0">
  <testcase classname="com.javatpoint.Car_loan" name="WebLoginCarLoan" time="0.006"/>
  <system-out/>
  <testcase classname="com.javatpoint.Car_loan" name="MobileLoginCarLoan" time="0.007"/>
  <system-out/>
  <testcase classname="com.javatpoint.Car_loan" name="APILoginCarLoan" time="0.059"/>
  <system-out/>
</testsuite> <!-- com.javatpoint.Car_loan -->
