<?xml version="1.0" encoding="UTF-8"?>
<!-- Generated by org.testng.reporters.JUnitReportReporter -->
<testsuite hostname="Shumson" failures="0" tests="3" name="basicparameterazation.Data_Provider" time="0.018" errors="0" timestamp="2024-02-04T17:14:57 EST" skipped="0">
  <testcase classname="basicparameterazation.Data_Provider" name="RegisteringNewUser" time="0.006"/>
  <system-out/>
  <testcase classname="basicparameterazation.Data_Provider" name="RegisteringNewUser" time="0.005"/>
  <system-out/>
  <testcase classname="basicparameterazation.Data_Provider" name="RegisteringNewUser" time="0.007"/>
  <system-out/>
</testsuite> <!-- basicparameterazation.Data_Provider -->
