<?xml version="1.0" encoding="UTF-8"?>
<!-- Generated by org.testng.reporters.JUnitReportReporter -->
<testsuite hostname="Shumson" failures="0" tests="3" name="group.Three" time="0.014" errors="0" timestamp="2024-02-04T17:14:57 EST" skipped="0">
  <testcase classname="group.Three" name="testThreeC" time="0.005"/>
  <system-out/>
  <testcase classname="group.Three" name="testThreeB" time="0.005"/>
  <system-out/>
  <testcase classname="group.Three" name="testThreeA" time="0.004"/>
  <system-out/>
</testsuite> <!-- group.Three -->
