<?xml version="1.0" encoding="UTF-8"?>
<!-- Generated by org.testng.reporters.JUnitReportReporter -->
<testsuite hostname="Shumson" failures="0" tests="3" name="group.Two" time="0.065" errors="0" timestamp="2024-02-04T17:14:58 EST" skipped="0">
  <testcase classname="group.Two" name="testTwoB" time="0.007"/>
  <system-out/>
  <testcase classname="group.Two" name="testTwoC" time="0.049"/>
  <system-out/>
  <testcase classname="group.Two" name="testTwoA" time="0.009"/>
  <system-out/>
</testsuite> <!-- group.Two -->
