<?xml version="1.0" encoding="UTF-8"?>
<!-- Generated by org.testng.reporters.JUnitReportReporter -->
<testsuite hostname="Shumson" failures="0" tests="3" name="group1.Personal_loan" time="0.012" errors="0" timestamp="2024-02-04T17:14:58 EST" skipped="0">
  <testcase classname="group1.Personal_loan" name="MobileLoginPersonalLoan" time="0.004"/>
  <system-out/>
  <testcase classname="group1.Personal_loan" name="APILoginPersonalLoan" time="0.004"/>
  <system-out/>
  <testcase classname="group1.Personal_loan" name="WebLoginPersonalLoan" time="0.004"/>
  <system-out/>
</testsuite> <!-- group1.Personal_loan -->
