<?xml version="1.0" encoding="UTF-8"?>
<!-- Generated by org.testng.reporters.JUnitReportReporter -->
<testsuite hostname="Shumson" failures="0" tests="1" name="action.MoveToElement" time="16.910" errors="0" timestamp="2024-02-04T17:14:58 EST" skipped="0">
  <testcase classname="action.MoveToElement" name="sampleMethod" time="16.910"/>
  <system-out/>
</testsuite> <!-- action.MoveToElement -->
