<?xml version="1.0" encoding="UTF-8"?>
<!-- Generated by org.testng.reporters.JUnitReportReporter -->
<testsuite hostname="Shumson" failures="0" tests="3" name="group1.Car_loan" time="0.018" errors="0" timestamp="2024-02-04T17:14:57 EST" skipped="0">
  <testcase classname="group1.Car_loan" name="APILoginCarLoan" time="0.008"/>
  <system-out/>
  <testcase classname="group1.Car_loan" name="MobileLoginCarLoan" time="0.004"/>
  <system-out/>
  <testcase classname="group1.Car_loan" name="WebLoginCarLoan" time="0.006"/>
  <system-out/>
</testsuite> <!-- group1.Car_loan -->
