<?xml version="1.0" encoding="UTF-8"?>
<!-- Generated by org.testng.reporters.JUnitReportReporter -->
<testsuite hostname="Shumson" failures="0" tests="1" name="assertion.HardAssert" time="18.096" errors="0" timestamp="2024-02-04T17:14:57 EST" skipped="0">
  <testcase classname="assertion.HardAssert" name="sampleMethod" time="18.096"/>
  <system-out/>
</testsuite> <!-- assertion.HardAssert -->
