<?xml version="1.0" encoding="UTF-8"?>
<!-- Generated by org.testng.reporters.JUnitReportReporter -->
<testsuite hostname="Shumson" failures="0" tests="1" name="letcodepractice.RadioCheckboxDemo" time="73.168" errors="0" timestamp="2024-02-04T17:14:58 EST" skipped="0">
  <testcase classname="letcodepractice.RadioCheckboxDemo" name="checkBox" time="73.168"/>
  <system-out/>
</testsuite> <!-- letcodepractice.RadioCheckboxDemo -->
