<?xml version="1.0" encoding="UTF-8"?>
<!-- Generated by org.testng.reporters.JUnitReportReporter -->
<testsuite hostname="Shumson" failures="0" tests="1" name="tutorialninja.Screenshot" time="55.239" errors="0" timestamp="2024-02-04T17:14:57 EST" skipped="0">
  <testcase classname="tutorialninja.Screenshot" name="registerAccountUsingInvalidEmailAddress" time="55.239"/>
  <system-out/>
</testsuite> <!-- tutorialninja.Screenshot -->
