<?xml version="1.0" encoding="UTF-8"?>
<!-- Generated by org.testng.reporters.JUnitReportReporter -->
<testsuite hostname="Shumson" failures="0" tests="3" name="group.One" time="0.013" errors="0" timestamp="2024-02-04T17:14:57 EST" skipped="0">
  <testcase classname="group.One" name="testOneA" time="0.005"/>
  <system-out/>
  <testcase classname="group.One" name="testOneC" time="0.004"/>
  <system-out/>
  <testcase classname="group.One" name="testOneB" time="0.004"/>
  <system-out/>
</testsuite> <!-- group.One -->
