<?xml version="1.0" encoding="UTF-8"?>
<!-- Generated by org.testng.reporters.JUnitReportReporter -->
<testsuite hostname="Shumson" failures="0" tests="3" name="com.javatpoint.Personal_loan" time="0.021" errors="0" timestamp="2024-02-04T17:14:57 EST" skipped="0">
  <testcase classname="com.javatpoint.Personal_loan" name="APILoginPersonalLoan" time="0.006"/>
  <system-out/>
  <testcase classname="com.javatpoint.Personal_loan" name="MobileLoginPersonalLoan" time="0.007"/>
  <system-out/>
  <testcase classname="com.javatpoint.Personal_loan" name="WebLoginPersonalLoan" time="0.008"/>
  <system-out/>
</testsuite> <!-- com.javatpoint.Personal_loan -->
