<?xml version="1.0" encoding="UTF-8"?>
<!-- Generated by org.testng.reporters.JUnitReportReporter -->
<testsuite hostname="Shumson" failures="0" tests="1" name="varification.IsDES" time="37.442" errors="0" timestamp="2024-02-04T17:14:57 EST" skipped="0">
  <testcase classname="varification.IsDES" name="VerifyMethod" time="37.442"/>
  <system-out/>
</testsuite> <!-- varification.IsDES -->
