<?xml version="1.0" encoding="UTF-8"?>
<!-- Generated by org.testng.reporters.JUnitReportReporter -->
<testsuite hostname="Shumson" failures="0" tests="3" name="group1.Home_loan" time="0.022" errors="0" timestamp="2024-02-04T17:14:58 EST" skipped="0">
  <testcase classname="group1.Home_loan" name="APILoginHomeLoan" time="0.007"/>
  <system-out/>
  <testcase classname="group1.Home_loan" name="MobileLoginHomeLoan" time="0.008"/>
  <system-out/>
  <testcase classname="group1.Home_loan" name="WebLoginHomeLoan" time="0.007"/>
  <system-out/>
</testsuite> <!-- group1.Home_loan -->
