<?xml version="1.0" encoding="UTF-8"?>
<!-- Generated by org.testng.reporters.JUnitReportReporter -->
<testsuite hostname="Shumson" failures="0" tests="3" name="parameterization.Data_Provider" time="0.017" errors="0" timestamp="2023-12-10T09:13:54 EST" skipped="0">
  <testcase classname="parameterization.Data_Provider" name="RegisteringNewUser" time="0.002"/>
  <system-out/>
  <testcase classname="parameterization.Data_Provider" name="RegisteringNewUser" time="0.002"/>
  <system-out/>
  <testcase classname="parameterization.Data_Provider" name="RegisteringNewUser" time="0.013"/>
  <system-out/>
</testsuite> <!-- parameterization.Data_Provider -->
