<?xml version="1.0" encoding="UTF-8"?>
<!-- Generated by org.testng.reporters.JUnitReportReporter -->
<testsuite hostname="Shumson" failures="0" tests="3" name="com.javatpoint.Home_loan" time="0.024" errors="0" timestamp="2024-02-04T17:14:58 EST" skipped="0">
  <testcase classname="com.javatpoint.Home_loan" name="APILoginHomeLoan" time="0.011"/>
  <system-out/>
  <testcase classname="com.javatpoint.Home_loan" name="WebLoginHomeLoan" time="0.006"/>
  <system-out/>
  <testcase classname="com.javatpoint.Home_loan" name="MobileLoginHomeLoan" time="0.007"/>
  <system-out/>
</testsuite> <!-- com.javatpoint.Home_loan -->
